<?xml version="1.0" ?><testsuite name="edu.umb.cs680.hw02.StudentTest" time="0.063" timestamp="2019-03-23T03:13:57" tests="3" failures="0" skipped="0" aborted="0"><properties>
[...]
</properties><testcase classname="edu.umb.cs680.hw02.StudentTest" name="testCreateInStateStudent()" time="0.0"></testcase><testcase classname="edu.umb.cs680.hw02.StudentTest" name="testCreateIntelStudent()" time="0.0"></testcase><testcase classname="edu.umb.cs680.hw02.StudentTest" name="testCreateOutStateStudent()" time="0.011"></testcase></testsuite>